<?xml version="1.0" encoding="UTF-8"?>
<!-- Generated by org.testng.reporters.JUnitReportReporter -->
<testsuite hostname="LAPTOP-BNR3IMEH" failures="0" tests="1" name="com.TestNG.TestClasses.TestClass1" time="1.912" errors="0" timestamp="2023-10-11T15:19:22 IST" skipped="0">
  <testcase classname="com.TestNG.TestClasses.TestClass1" name="runTest1" time="1.912"/>
  <system-out/>
</testsuite> <!-- com.TestNG.TestClasses.TestClass1 -->
