<?xml version="1.0" encoding="UTF-8"?>
<!-- Generated by org.testng.reporters.JUnitReportReporter -->
<testsuite hostname="LAPTOP-BNR3IMEH" failures="0" tests="1" name="com.TestNG.TestClasses.TestClass2" time="2.129" errors="0" timestamp="2023-10-11T15:21:44 IST" skipped="0">
  <testcase classname="com.TestNG.TestClasses.TestClass2" name="runTest2" time="2.129"/>
  <system-out/>
</testsuite> <!-- com.TestNG.TestClasses.TestClass2 -->
